Arguments: 
  /usr/local/bin/node /opt/yarn-v1.19.1/bin/yarn.js build

PATH: 
  /bin:/usr/bin:/sbin:/usr/sbin:/usr/local/bin:/usr/local/sbin

Yarn version: 
  1.19.1

Node version: 
  8.16.2

Platform: 
  linux x64

Trace: 
  SyntaxError: /usr/app/package.json: Unexpected string in JSON at position 192
      at JSON.parse (<anonymous>)
      at /opt/yarn-v1.19.1/lib/cli.js:1625:59
      at Generator.next (<anonymous>)
      at step (/opt/yarn-v1.19.1/lib/cli.js:304:30)
      at /opt/yarn-v1.19.1/lib/cli.js:315:13
      at <anonymous>

npm manifest: 
  {
    "name": "test-ts-lsp",
    "version": "1.0.0",
    "main": "index.js",
      "repository": "https://github.com/MokkeMeguru/test-typescript-language-server.git",
      "scripts" :{
          "build" "tsc"
      },
    "author": "MokkeMeguru",
    "license": "MIT",
    "devDependencies": {
      "typescript": "^3.7.3"
    }
  }

yarn manifest: 
  No manifest

Lockfile: 
  # THIS IS AN AUTOGENERATED FILE. DO NOT EDIT THIS FILE DIRECTLY.
  # yarn lockfile v1
  
  
  typescript@^3.7.3:
    version "3.7.3"
    resolved "https://registry.yarnpkg.com/typescript/-/typescript-3.7.3.tgz#b36840668a16458a7025b9eabfad11b66ab85c69"
    integrity sha512-Mcr/Qk7hXqFBXMN7p7Lusj1ktCBydylfQM/FZCk5glCNQJrCUKPkMHdo9R0MTFWsC/4kPFvDS0fDPvukfCkFsw==
